INFO: Hello, World!
WARNING: Hello, World!
ERROR: Hello, World!
INFO: Hello, World!
WARNING: Hello, World!
ERROR: Hello, World!
INFO: Hello, World!
WARNING: Hello, World!
ERROR: Hello, World!
INFO: Hello, World!
WARNING: Hello, World!
ERROR: Hello, World!
INFO: Hello, World!
WARNING: Hello, World!
ERROR: Hello, World!
INFO: FROM SERVER: WELCOME TO ANOTHER EDITION OF THUNDERDOME!
INFO: TO SERVER: ENTER THUNDERDOME TPASS :D:D
INFO: FROM SERVER: TWO SHALL ENTER, ONE SHALL LEAVE
INFO: TO SERVER: I AM PEPE UF_ROCKS
INFO: FROM SERVER: WAIT FOR THE TOURNAMENT TO BEGIN TeamP
INFO: FROM SERVER: NEW CHALLENGE <cid> YOU WILL PLAY ppp MATCH
INFO: New challenge received
INFO: FROM SERVER: BEGIN ROUND t OF ppp
INFO: Beginning rounds
INFO: FROM SERVER: MAKE YOUR MOVE IN GAME 1 WITHIN 1.5 SECONDS: MOVE 1 PLACE ROCK+LAKE
INFO: TO SERVER: GAME 1 MOVE 1 PLACE ROCK+LAKE AT -1 -1 2 6 FOUND SETTLEMENT AT -1 -2 3
INFO: FROM SERVER: MAKE YOUR MOVE IN GAME 1 WITHIN 1.5 SECONDS: MOVE 1 PLACE ROCK+LAKE
INFO: TO SERVER: GAME 1 MOVE 1 PLACE ROCK+LAKE AT -2 -1 3 1 FOUND SETTLEMENT AT -3 -1 4
INFO: FROM SERVER: MAKE YOUR MOVE IN GAME 1 WITHIN 1.5 SECONDS: MOVE 1 PLACE ROCK+LAKE
INFO: TO SERVER: GAME 1 MOVE 1 PLACE ROCK+LAKE AT 1 -1 0 6 FOUND SETTLEMENT AT 1 -2 1
INFO: FROM SERVER: GAME 1 MOVE 1 PLAYER blah PLACED ROCK+LAKE AT 2 -1 -1 4 FOUNDED SETTLEMENT AT 2 0 -2
INFO: FROM SERVER: 
INFO: FROM SERVER: WELCOME TO ANOTHER EDITION OF THUNDERDOME!
INFO: TO SERVER: ENTER THUNDERDOME TPASS :D:D
INFO: FROM SERVER: TWO SHALL ENTER, ONE SHALL LEAVE
INFO: TO SERVER: I AM PEPE UF_ROCKS
INFO: FROM SERVER: WAIT FOR THE TOURNAMENT TO BEGIN TeamP
INFO: FROM SERVER: NEW CHALLENGE <cid> YOU WILL PLAY ppp MATCH
INFO: New challenge received
INFO: FROM SERVER: BEGIN ROUND t OF ppp
INFO: Beginning rounds
INFO: FROM SERVER: GAME 1 MOVE 1 PLAYER blah PLACED ROCK+LAKE AT 2 -1 -1 4 FOUNDED SETTLEMENT AT 2 0 -2
INFO: FROM SERVER: GAME 2 MOVE 1 PLAYER blah PLACED ROCK+LAKE AT 2 -1 -1 4 FOUNDED SETTLEMENT AT 2 0 -2
INFO: FROM SERVER: GAME 2 MOVE 2 PLAYER blah PLACED LAKE+LAKE AT 4 0 -4 1 EXPANDED SETTLEMENT AT 2 0 -2 LAKE
INFO: Hello, World!
WARNING: Hello, World!
ERROR: Hello, World!
INFO: Hello, World!
WARNING: Hello, World!
ERROR: Hello, World!
